DiagnosticsPluginLauncher.exe Information: 0 : [10/27/2016 2:27:21 PM] At least one other instance of the launcher is running. Will wait until they all finish
DiagnosticsPluginLauncher.exe Information: 0 : [10/27/2016 2:27:21 PM] Service running in Emulator Mode, will not wait/kill other instances of the launcher
DiagnosticsPluginLauncher.exe Information: 0 : [10/27/2016 2:27:21 PM] Emulator config file set to D:\aaaaa\SSMCloudServiceOfficial\SSMCloudService\csx\Debug\roles\CustomerPortal\approot\diagnostics.wadcfgx
DiagnosticsPluginLauncher.exe Information: 0 : [10/27/2016 2:27:21 PM] DiagnosticsStoreRootPath set to: C:\Users\NhatVHN\AppData\Local\dftmp\Resources\b4bfb413-ff30-4ac1-9950-2355350625c6
DiagnosticsPluginLauncher.exe Information: 0 : [10/27/2016 2:27:21 PM] Loading config file: D:\aaaaa\SSMCloudServiceOfficial\SSMCloudService\csx\Debug\roles\CustomerPortal\approot\diagnostics.wadcfgx
DiagnosticsPluginLauncher.exe Information: 0 : [10/27/2016 2:27:21 PM] Config file to read: D:\aaaaa\SSMCloudServiceOfficial\SSMCloudService\csx\Debug\roles\CustomerPortal\approot\diagnostics.wadcfgx
DiagnosticsPluginLauncher.exe Information: 0 : [10/27/2016 2:27:21 PM] Checking VM Type
DiagnosticsPluginLauncher.exe Information: 0 : [10/27/2016 2:27:21 PM] Emulator config file set to D:\aaaaa\SSMCloudServiceOfficial\SSMCloudService\csx\Debug\roles\CustomerPortal\approot\diagnostics.wadcfgx
DiagnosticsPluginLauncher.exe Information: 0 : [10/27/2016 2:27:21 PM] Extension set to Emulator Mode
DiagnosticsPluginLauncher.exe Information: 0 : [10/27/2016 2:27:21 PM] Reading XML configuration file
DiagnosticsPluginLauncher.exe Information: 0 : [10/27/2016 2:27:21 PM] Bypassing private config decryption
DiagnosticsPluginLauncher.exe Information: 0 : [10/27/2016 2:27:21 PM] Stopping the running plugin, if any
DiagnosticsPluginLauncher.exe Information: 0 : [10/27/2016 2:27:21 PM] No DiagnosticsPlugin is running.
DiagnosticsPluginLauncher.exe Information: 0 : [10/27/2016 2:27:21 PM] Killing any DiagnosticsPlugin that might remain.
DiagnosticsPluginLauncher.exe Information: 0 : [10/27/2016 2:27:21 PM] Found a DiagnosticsPlugin.exe. WadArguments: "D:\aaaaa\SSMCloudServiceOfficial\SSMCloudService\csx\Debug\roles\EmailWorker\plugins\Diagnostics\DiagnosticsPlugin.exe" DiagnosticPlugin-ShutdownEvent DiagnosticPlugin-TotalShutdownEvent -wadVer1v5.
DiagnosticsPluginLauncher.exe Information: 0 : [10/27/2016 2:28:21 PM] Forcefully terminated DiagnosticsPlugin.exe process with pid 14560
DiagnosticsPluginLauncher.exe Information: 0 : [10/27/2016 2:28:21 PM] Killing any MonAgentHost that might remain.
DiagnosticsPluginLauncher.exe Information: 0 : [10/27/2016 2:28:22 PM] Found a MonAgentHost.exe. WadArguments: "D:\aaaaa\SSMCloudServiceOfficial\SSMCloudService\csx\Debug\roles\EmailWorker\plugins\Diagnostics\Monitor\x64\MonAgentHost.exe" -LocalPath "C:\Users\NhatVHN\AppData\Local\dftmp\Resources\8dca9763-d8f3-42c2-965c-8f844824aaf2\WAD0105"  -ConfigFile "C:\Users\NhatVHN\AppData\Local\dftmp\Resources\8dca9763-d8f3-42c2-965c-8f844824aaf2\WAD0105\Configuration\MaConfig.xml" -ShutDownEvent WADDM-ShutDown-bc07cb9e75df44499a10098fce0370f1  -TotalShutDownEvent WADDM-TotalShutDown-bc07cb9e75df44499a10098fce0370f1 -InitializedEvent WADM-StartUp-bc07cb9e75df44499a10098fce0370f1 -parent 14560 -events -wadVer1v5 -UseProxyServer -XStoreAccounts WadAccount#true#devstoreaccount1#Eby8vdM02xNOcqFlqUwJPLlmEtlCDXJ1OUzFT50uSRZ6IFsuFq2UVErCz4I6tq/K1SZFPTOtr/KBHBeksoGMGw==#http://127.0.0.1:10002#http://127.0.0.1:10001#http://127.0.0.1:10000.
DiagnosticsPluginLauncher.exe Information: 0 : [10/27/2016 2:28:22 PM] Diagnostics plugin stopped successfully
DiagnosticsPluginLauncher.exe Information: 0 : [10/27/2016 2:28:22 PM] Resetting DiagnosticPlugin
DiagnosticsPluginLauncher.exe Information: 0 : [10/27/2016 2:29:32 PM] DiagnosticsPlugin launched successfully with new configuration
DiagnosticsPluginLauncher.exe Information: 0 : [10/27/2016 2:29:32 PM] DiagnosticPlugin exited with code 0
